<?xml version="1.0" encoding="UTF-8"?>
<!-- Generated by org.testng.reporters.JUnitReportReporter -->
<testsuite hostname="LAPTOP-77KONB02" failures="0" tests="8" name="com.qa.opencart.test.AccountsPageTest" time="7.973" errors="0" timestamp="2021-11-26T21:12:57 IST" skipped="0">
  <testcase classname="com.qa.opencart.test.AccountsPageTest" name="accountPageUrlTest" time="0.023"/>
  <system-out/>
  <testcase classname="com.qa.opencart.test.AccountsPageTest" name="accountsPageList" time="1.738"/>
  <system-out/>
  <testcase classname="com.qa.opencart.test.AccountsPageTest" name="accountPageHeadersTest" time="0.223"/>
  <system-out/>
  <testcase classname="com.qa.opencart.test.AccountsPageTest" name="accountsPageFootersTest" time="0.265"/>
  <system-out/>
  <testcase classname="com.qa.opencart.test.AccountsPageTest" name="logOutTest" time="0.255"/>
  <system-out/>
  <testcase classname="com.qa.opencart.test.AccountsPageTest" name="searchTest" time="2.113"/>
  <system-out/>
  <testcase classname="com.qa.opencart.test.AccountsPageTest" name="searchTest" time="1.755"/>
  <system-out/>
  <testcase classname="com.qa.opencart.test.AccountsPageTest" name="searchTest" time="1.601"/>
  <system-out/>
</testsuite> <!-- com.qa.opencart.test.AccountsPageTest -->
